ERROR StackTrace - Full Stack Trace:
groovy.lang.MissingMethodException: No signature of method: maildemo.UtilController.sendMail() is applicable for argument types: (maildemo.UtilController$_index_closure1) values: [maildemo.UtilController$_index_closure1@7729350b]
Possible solutions: findAll()
	at grails.artefact.gsp.TagLibraryInvoker$Trait$Helper.methodMissing(TagLibraryInvoker.groovy:90) ~[grails-web-taglib-3.0.1.jar:3.0.1]
	at grails.artefact.gsp.TagLibraryInvoker$Trait$Helper$methodMissing$1.call(Unknown Source) ~[na:na]
	at org.codehaus.groovy.runtime.callsite.CallSiteArray.defaultCall(CallSiteArray.java:45) ~[groovy-2.4.3.jar:2.4.3]
	at org.codehaus.groovy.runtime.callsite.AbstractCallSite.call(AbstractCallSite.java:110) ~[groovy-2.4.3.jar:2.4.3]
	at org.codehaus.groovy.runtime.callsite.AbstractCallSite.call(AbstractCallSite.java:138) ~[groovy-2.4.3.jar:2.4.3]
	at maildemo.UtilController.methodMissing(UtilController.groovy) ~[main/:na]
	at sun.reflect.NativeMethodAccessorImpl.invoke0(Native Method) ~[na:1.7.0_09]
	at sun.reflect.NativeMethodAccessorImpl.invoke(NativeMethodAccessorImpl.java:57) ~[na:1.7.0_09]
	at sun.reflect.DelegatingMethodAccessorImpl.invoke(DelegatingMethodAccessorImpl.java:43) ~[na:1.7.0_09]
	at java.lang.reflect.Method.invoke(Method.java:601) ~[na:1.7.0_09]
	at org.springsource.loaded.ri.ReflectiveInterceptor.jlrMethodInvoke(ReflectiveInterceptor.java:1270) ~[springloaded-1.2.3.RELEASE.jar:1.2.3.RELEASE]
	at org.codehaus.groovy.reflection.CachedMethod.invoke(CachedMethod.java:90) ~[groovy-2.4.3.jar:2.4.3]
	at groovy.lang.MetaClassImpl.invokeMissingMethod(MetaClassImpl.java:933) ~[groovy-2.4.3.jar:2.4.3]
	at groovy.lang.MetaClassImpl.invokePropertyOrMissing(MetaClassImpl.java:1256) ~[groovy-2.4.3.jar:2.4.3]
	at groovy.lang.MetaClassImpl.invokeMethod(MetaClassImpl.java:1209) ~[groovy-2.4.3.jar:2.4.3]
	at groovy.lang.ExpandoMetaClass.invokeMethod(ExpandoMetaClass.java:1121) ~[groovy-2.4.3.jar:2.4.3]
	at groovy.lang.MetaClassImpl.invokeMethod(MetaClassImpl.java:1016) ~[groovy-2.4.3.jar:2.4.3]
	at org.codehaus.groovy.runtime.callsite.PogoMetaClassSite.callCurrent(PogoMetaClassSite.java:66) ~[groovy-2.4.3.jar:2.4.3]
	at org.codehaus.groovy.runtime.callsite.CallSiteArray.defaultCallCurrent(CallSiteArray.java:49) ~[groovy-2.4.3.jar:2.4.3]
	at org.codehaus.groovy.runtime.callsite.AbstractCallSite.callCurrent(AbstractCallSite.java:151) ~[groovy-2.4.3.jar:2.4.3]
	at org.codehaus.groovy.runtime.callsite.AbstractCallSite.callCurrent(AbstractCallSite.java:163) ~[groovy-2.4.3.jar:2.4.3]
	at maildemo.UtilController.index(UtilController.groovy:6) ~[main/:na]
	at sun.reflect.NativeMethodAccessorImpl.invoke0(Native Method) ~[na:1.7.0_09]
	at sun.reflect.NativeMethodAccessorImpl.invoke(NativeMethodAccessorImpl.java:57) ~[na:1.7.0_09]
	at sun.reflect.DelegatingMethodAccessorImpl.invoke(DelegatingMethodAccessorImpl.java:43) ~[na:1.7.0_09]
	at java.lang.reflect.Method.invoke(Method.java:601) ~[na:1.7.0_09]
	at org.springsource.loaded.ri.ReflectiveInterceptor.jlrMethodInvoke(ReflectiveInterceptor.java:1270) ~[springloaded-1.2.3.RELEASE.jar:1.2.3.RELEASE]
	at org.springframework.util.ReflectionUtils.invokeMethod(ReflectionUtils.java:202) ~[spring-core-4.1.6.RELEASE.jar:4.1.6.RELEASE]
	at org.springframework.util.ReflectionUtils.invokeMethod(ReflectionUtils.java:187) ~[spring-core-4.1.6.RELEASE.jar:4.1.6.RELEASE]
	at org.grails.core.DefaultGrailsControllerClass.invoke(DefaultGrailsControllerClass.java:125) ~[grails-core-3.0.1.jar:3.0.1]
	at org.grails.web.mapping.mvc.UrlMappingsInfoHandlerAdapter.handle(UrlMappingsInfoHandlerAdapter.groovy:64) ~[grails-web-url-mappings-3.0.1.jar:3.0.1]
	at org.springframework.web.servlet.DispatcherServlet.doDispatch(DispatcherServlet.java:959) [spring-webmvc-4.1.6.RELEASE.jar:4.1.6.RELEASE]
	at org.springframework.web.servlet.DispatcherServlet.doService(DispatcherServlet.java:893) [spring-webmvc-4.1.6.RELEASE.jar:4.1.6.RELEASE]
	at org.springframework.web.servlet.FrameworkServlet.processRequest(FrameworkServlet.java:966) [spring-webmvc-4.1.6.RELEASE.jar:4.1.6.RELEASE]
	at org.springframework.web.servlet.FrameworkServlet.doGet(FrameworkServlet.java:857) [spring-webmvc-4.1.6.RELEASE.jar:4.1.6.RELEASE]
	at javax.servlet.http.HttpServlet.service(HttpServlet.java:618) [tomcat-embed-core-8.0.20.jar:8.0.20]
	at org.springframework.web.servlet.FrameworkServlet.service(FrameworkServlet.java:842) [spring-webmvc-4.1.6.RELEASE.jar:4.1.6.RELEASE]
	at javax.servlet.http.HttpServlet.service(HttpServlet.java:725) [tomcat-embed-core-8.0.20.jar:8.0.20]
	at org.apache.catalina.core.ApplicationFilterChain.internalDoFilter(ApplicationFilterChain.java:291) [tomcat-embed-core-8.0.20.jar:8.0.20]
	at org.apache.catalina.core.ApplicationFilterChain.doFilter(ApplicationFilterChain.java:206) [tomcat-embed-core-8.0.20.jar:8.0.20]
	at org.apache.tomcat.websocket.server.WsFilter.doFilter(WsFilter.java:52) [tomcat-embed-websocket-8.0.20.jar:8.0.20]
	at org.apache.catalina.core.ApplicationFilterChain.internalDoFilter(ApplicationFilterChain.java:239) [tomcat-embed-core-8.0.20.jar:8.0.20]
	at org.apache.catalina.core.ApplicationFilterChain.doFilter(ApplicationFilterChain.java:206) [tomcat-embed-core-8.0.20.jar:8.0.20]
	at org.springframework.boot.actuate.autoconfigure.EndpointWebMvcAutoConfiguration$ApplicationContextHeaderFilter.doFilterInternal(EndpointWebMvcAutoConfiguration.java:291) [spring-boot-actuator-1.2.3.RELEASE.jar:1.2.3.RELEASE]
	at org.springframework.web.filter.OncePerRequestFilter.doFilter(OncePerRequestFilter.java:107) [spring-web-4.1.6.RELEASE.jar:4.1.6.RELEASE]
	at org.apache.catalina.core.ApplicationFilterChain.internalDoFilter(ApplicationFilterChain.java:239) [tomcat-embed-core-8.0.20.jar:8.0.20]
	at org.apache.catalina.core.ApplicationFilterChain.doFilter(ApplicationFilterChain.java:206) [tomcat-embed-core-8.0.20.jar:8.0.20]
	at org.springframework.boot.actuate.trace.WebRequestTraceFilter.doFilterInternal(WebRequestTraceFilter.java:102) [spring-boot-actuator-1.2.3.RELEASE.jar:1.2.3.RELEASE]
	at org.springframework.web.filter.OncePerRequestFilter.doFilter(OncePerRequestFilter.java:107) [spring-web-4.1.6.RELEASE.jar:4.1.6.RELEASE]
	at org.apache.catalina.core.ApplicationFilterChain.internalDoFilter(ApplicationFilterChain.java:239) [tomcat-embed-core-8.0.20.jar:8.0.20]
	at org.apache.catalina.core.ApplicationFilterChain.doFilter(ApplicationFilterChain.java:206) [tomcat-embed-core-8.0.20.jar:8.0.20]
	at org.grails.web.servlet.mvc.GrailsWebRequestFilter.doFilterInternal(GrailsWebRequestFilter.java:73) [grails-web-mvc-3.0.1.jar:3.0.1]
	at org.springframework.web.filter.OncePerRequestFilter.doFilter(OncePerRequestFilter.java:107) [spring-web-4.1.6.RELEASE.jar:4.1.6.RELEASE]
	at org.apache.catalina.core.ApplicationFilterChain.internalDoFilter(ApplicationFilterChain.java:239) [tomcat-embed-core-8.0.20.jar:8.0.20]
	at org.apache.catalina.core.ApplicationFilterChain.doFilter(ApplicationFilterChain.java:206) [tomcat-embed-core-8.0.20.jar:8.0.20]
	at org.grails.web.filters.HiddenHttpMethodFilter.doFilterInternal(HiddenHttpMethodFilter.java:67) [grails-web-mvc-3.0.1.jar:3.0.1]
	at org.springframework.web.filter.OncePerRequestFilter.doFilter(OncePerRequestFilter.java:107) [spring-web-4.1.6.RELEASE.jar:4.1.6.RELEASE]
	at org.apache.catalina.core.ApplicationFilterChain.internalDoFilter(ApplicationFilterChain.java:239) [tomcat-embed-core-8.0.20.jar:8.0.20]
	at org.apache.catalina.core.ApplicationFilterChain.doFilter(ApplicationFilterChain.java:206) [tomcat-embed-core-8.0.20.jar:8.0.20]
	at org.springframework.web.filter.CharacterEncodingFilter.doFilterInternal(CharacterEncodingFilter.java:85) [spring-web-4.1.6.RELEASE.jar:4.1.6.RELEASE]
	at org.springframework.web.filter.OncePerRequestFilter.doFilter(OncePerRequestFilter.java:107) [spring-web-4.1.6.RELEASE.jar:4.1.6.RELEASE]
	at org.apache.catalina.core.ApplicationFilterChain.internalDoFilter(ApplicationFilterChain.java:239) [tomcat-embed-core-8.0.20.jar:8.0.20]
	at org.apache.catalina.core.ApplicationFilterChain.doFilter(ApplicationFilterChain.java:206) [tomcat-embed-core-8.0.20.jar:8.0.20]
	at org.springframework.boot.actuate.autoconfigure.MetricFilterAutoConfiguration$MetricsFilter.doFilterInternal(MetricFilterAutoConfiguration.java:90) [spring-boot-actuator-1.2.3.RELEASE.jar:1.2.3.RELEASE]
	at org.springframework.web.filter.OncePerRequestFilter.doFilter(OncePerRequestFilter.java:107) [spring-web-4.1.6.RELEASE.jar:4.1.6.RELEASE]
	at org.apache.catalina.core.ApplicationFilterChain.internalDoFilter(ApplicationFilterChain.java:239) [tomcat-embed-core-8.0.20.jar:8.0.20]
	at org.apache.catalina.core.ApplicationFilterChain.doFilter(ApplicationFilterChain.java:206) [tomcat-embed-core-8.0.20.jar:8.0.20]
	at org.apache.catalina.core.StandardWrapperValve.invoke(StandardWrapperValve.java:219) [tomcat-embed-core-8.0.20.jar:8.0.20]
	at org.apache.catalina.core.StandardContextValve.invoke(StandardContextValve.java:106) [tomcat-embed-core-8.0.20.jar:8.0.20]
	at org.apache.catalina.authenticator.AuthenticatorBase.invoke(AuthenticatorBase.java:501) [tomcat-embed-core-8.0.20.jar:8.0.20]
	at org.apache.catalina.core.StandardHostValve.invoke(StandardHostValve.java:142) [tomcat-embed-core-8.0.20.jar:8.0.20]
	at org.apache.catalina.valves.ErrorReportValve.invoke(ErrorReportValve.java:79) [tomcat-embed-core-8.0.20.jar:8.0.20]
	at org.apache.catalina.core.StandardEngineValve.invoke(StandardEngineValve.java:88) [tomcat-embed-core-8.0.20.jar:8.0.20]
	at org.apache.catalina.connector.CoyoteAdapter.service(CoyoteAdapter.java:516) [tomcat-embed-core-8.0.20.jar:8.0.20]
	at org.apache.coyote.http11.AbstractHttp11Processor.process(AbstractHttp11Processor.java:1086) [tomcat-embed-core-8.0.20.jar:8.0.20]
	at org.apache.coyote.AbstractProtocol$AbstractConnectionHandler.process(AbstractProtocol.java:659) [tomcat-embed-core-8.0.20.jar:8.0.20]
	at org.apache.coyote.http11.Http11NioProtocol$Http11ConnectionHandler.process(Http11NioProtocol.java:223) [tomcat-embed-core-8.0.20.jar:8.0.20]
	at org.apache.tomcat.util.net.NioEndpoint$SocketProcessor.doRun(NioEndpoint.java:1558) [tomcat-embed-core-8.0.20.jar:8.0.20]
	at org.apache.tomcat.util.net.NioEndpoint$SocketProcessor.run(NioEndpoint.java:1515) [tomcat-embed-core-8.0.20.jar:8.0.20]
	at java.util.concurrent.ThreadPoolExecutor.runWorker(ThreadPoolExecutor.java:1110) [na:1.7.0_09]
	at java.util.concurrent.ThreadPoolExecutor$Worker.run(ThreadPoolExecutor.java:603) [na:1.7.0_09]
	at org.apache.tomcat.util.threads.TaskThread$WrappingRunnable.run(TaskThread.java:61) [tomcat-embed-core-8.0.20.jar:8.0.20]
	at java.lang.Thread.run(Thread.java:722) [na:1.7.0_09]
ERROR StackTrace - Full Stack Trace:
groovy.lang.MissingMethodException: No signature of method: maildemo.UtilController.sendMail() is applicable for argument types: (maildemo.UtilController$_index_closure1) values: [maildemo.UtilController$_index_closure1@7729350b]
Possible solutions: findAll()
	at grails.artefact.gsp.TagLibraryInvoker$Trait$Helper.methodMissing(TagLibraryInvoker.groovy:90) ~[grails-web-taglib-3.0.1.jar:3.0.1]
	at maildemo.UtilController.index(UtilController.groovy:6) ~[main/:na]
	at java.util.concurrent.ThreadPoolExecutor.runWorker(ThreadPoolExecutor.java:1110) ~[na:1.7.0_09]
	at java.util.concurrent.ThreadPoolExecutor$Worker.run(ThreadPoolExecutor.java:603) ~[na:1.7.0_09]
	at java.lang.Thread.run(Thread.java:722) [na:1.7.0_09]
